Arguments: 
  C:\Program Files\nodejs\node.exe C:\Users\obayd\AppData\Roaming\npm\node_modules\yarn\bin\yarn.js add @oneai/sdk-web

PATH: 
  C:\Users\obayd\AppData\Local\Programs\Python\Python310\Scripts\;C:\Users\obayd\AppData\Local\Programs\Python\Python310\;C:\Program Files\Python39\Scripts\;C:\Program Files\Python39\;C:\Program Files (x86)\Common Files\Oracle\Java\javapath;C:\WINDOWS\system32;C:\WINDOWS;C:\WINDOWS\System32\Wbem;C:\WINDOWS\System32\WindowsPowerShell\v1.0\;C:\WINDOWS\System32\OpenSSH\;C:\ProgramData\chocolatey\bin;C:\Program Files\Git\cmd;C:\Program Files\nodejs\;C:\WINDOWS\system32;C:\WINDOWS;C:\WINDOWS\System32\Wbem;C:\WINDOWS\System32\WindowsPowerShell\v1.0\;C:\WINDOWS\System32\OpenSSH\;C:\Users\obayd\AppData\Local\Microsoft\WindowsApps;C:\Program Files\JetBrains\PyCharm Community Edition 2022.3.2\bin;;C:\Users\obayd\AppData\Local\Programs\Microsoft VS Code\bin;C:\Users\obayd\AppData\Local\GitHubDesktop\bin;C:\Users\obayd\AppData\Roaming\npm;

Yarn version: 
  1.22.19

Node version: 
  16.18.0

Platform: 
  win32 x64

Trace: 
  Error: https://registry.yarnpkg.com/@oneai%2fsdk-web: Not found
      at Request.params.callback [as _callback] (C:\Users\obayd\AppData\Roaming\npm\node_modules\yarn\lib\cli.js:66145:18)
      at Request.self.callback (C:\Users\obayd\AppData\Roaming\npm\node_modules\yarn\lib\cli.js:140890:22)
      at Request.emit (node:events:513:28)
      at Request.<anonymous> (C:\Users\obayd\AppData\Roaming\npm\node_modules\yarn\lib\cli.js:141862:10)
      at Request.emit (node:events:513:28)
      at IncomingMessage.<anonymous> (C:\Users\obayd\AppData\Roaming\npm\node_modules\yarn\lib\cli.js:141784:12)
      at Object.onceWrapper (node:events:627:28)
      at IncomingMessage.emit (node:events:525:35)
      at endReadableNT (node:internal/streams/readable:1358:12)
      at processTicksAndRejections (node:internal/process/task_queues:83:21)

npm manifest: 
  {
    "name": "briefing-buzz",
    "version": "1.0.0",
    "main": "node_modules/expo/AppEntry.js",
    "scripts": {
      "start": "expo start",
      "android": "expo start --android",
      "ios": "expo start --ios",
      "web": "expo start --web"
    },
    "dependencies": {
      "@react-navigation/bottom-tabs": "^6.5.7",
      "@react-navigation/native": "^6.1.6",
      "axios": "^1.3.6",
      "cheerio": "^1.0.0-rc.12",
      "dotenv": "^16.0.3",
      "expo": "~48.0.10",
      "expo-file-system": "^15.2.2",
      "expo-status-bar": "~1.4.4",
      "fetch": "^1.1.0",
      "fs": "^0.0.1-security",
      "moment": "^2.29.4",
      "native-base": "^3.4.28",
      "newsapi": "^2.4.1",
      "node-fetch": "^3.3.1",
      "react": "^18.2.0",
      "react-native": "^0.71.6",
      "react-native-elements": "^3.4.3",
      "react-native-gesture-handler": "^2.9.0",
      "react-native-reanimated": "^3.0.2",
      "react-native-safe-area-context": "^4.5.0",
      "react-native-screens": "~3.20.0",
      "react-native-svg": "13.4.0",
      "react-navigation": "^4.4.4"
    },
    "devDependencies": {
      "@babel/core": "^7.20.0"
    },
    "private": true
  }

yarn manifest: 
  No manifest

Lockfile: 
  No lockfile
